[01-23 05:45:00]: [INFO] Created column 'regdate' and set the current timestamp, 1769147100957, to all 0 rows
[01-23 05:45:01]: [INFO] SQLite Setup finished
[01-23 05:45:01]: [INFO] No supported permissions system found! Permissions are disabled!
[01-23 05:45:01]: [WARN] WARNING! The protectInventory feature requires ProtocolLib! Disabling it...
[01-23 05:45:01]: [INFO] AuthMe 5.6.0 build n.CUSTOM successfully enabled!
[01-23 05:45:02]: [INFO] Downloading GEO IP database, because the old database is older than 30 days or doesn't exist
[01-23 05:45:02]: [WARN] No MaxMind credentials found in the configuration file! GeoIp protections will be disabled.
[01-23 05:45:02]: [INFO] There is no newer GEO IP database uploaded to MaxMind. Using the old one for now.
[01-23 05:45:02]: [WARN] Could not download GeoLiteAPI database [FileNotFoundException]: plugins/AuthMe/GeoLite2-Country.mmdb (No such file or directory)
[01-23 05:45:02]: java.io.FileNotFoundException: plugins/AuthMe/GeoLite2-Country.mmdb (No such file or directory)
	at java.base/java.io.RandomAccessFile.open0(Native Method)
	at java.base/java.io.RandomAccessFile.open(RandomAccessFile.java:338)
	at java.base/java.io.RandomAccessFile.<init>(RandomAccessFile.java:257)
	at java.base/java.io.RandomAccessFile.<init>(RandomAccessFile.java:211)
	at fr.xephi.authme.libs.com.maxmind.db.BufferHolder.<init>(BufferHolder.java:20)
	at fr.xephi.authme.libs.com.maxmind.db.Reader.<init>(Reader.java:121)
	at fr.xephi.authme.service.GeoIpService.startReading(GeoIpService.java:179)
	at fr.xephi.authme.service.GeoIpService.updateDatabase(GeoIpService.java:150)
	at org.bukkit.craftbukkit.v1_12_R1.scheduler.CraftTask.run(CraftTask.java:64)
	at org.bukkit.craftbukkit.v1_12_R1.scheduler.CraftAsyncTask.run(CraftAsyncTask.java:52)
	at com.destroystokyo.paper.ServerSchedulerReportingWrapper.run(ServerSchedulerReportingWrapper.java:22)
	at java.base/java.util.concurrent.ThreadPoolExecutor.runWorker(ThreadPoolExecutor.java:1090)
	at java.base/java.util.concurrent.ThreadPoolExecutor$Worker.run(ThreadPoolExecutor.java:614)
	at java.base/java.lang.Thread.run(Thread.java:1474)

[01-23 05:50:43]: [FINE] YeelerYee9130 registered 0:0:0:0:0:0:0:1%0
[01-23 05:50:43]: [FINE] YeelerYee9130 logged in 0:0:0:0:0:0:0:1%0
[01-23 06:52:35]: [INFO] SQLite Setup finished
[01-23 06:52:35]: [INFO] No supported permissions system found! Permissions are disabled!
[01-23 06:52:36]: [WARN] WARNING! The protectInventory feature requires ProtocolLib! Disabling it...
[01-23 06:52:36]: [INFO] AuthMe 5.6.0 build n.CUSTOM successfully enabled!
[01-23 06:52:36]: [INFO] Downloading GEO IP database, because the old database is older than 30 days or doesn't exist
[01-23 06:52:36]: [WARN] No MaxMind credentials found in the configuration file! GeoIp protections will be disabled.
[01-23 06:52:36]: [INFO] There is no newer GEO IP database uploaded to MaxMind. Using the old one for now.
[01-23 06:52:36]: [WARN] Could not download GeoLiteAPI database [FileNotFoundException]: plugins/AuthMe/GeoLite2-Country.mmdb (No such file or directory)
[01-23 06:52:36]: java.io.FileNotFoundException: plugins/AuthMe/GeoLite2-Country.mmdb (No such file or directory)
	at java.base/java.io.RandomAccessFile.open0(Native Method)
	at java.base/java.io.RandomAccessFile.open(RandomAccessFile.java:338)
	at java.base/java.io.RandomAccessFile.<init>(RandomAccessFile.java:257)
	at java.base/java.io.RandomAccessFile.<init>(RandomAccessFile.java:211)
	at fr.xephi.authme.libs.com.maxmind.db.BufferHolder.<init>(BufferHolder.java:20)
	at fr.xephi.authme.libs.com.maxmind.db.Reader.<init>(Reader.java:121)
	at fr.xephi.authme.service.GeoIpService.startReading(GeoIpService.java:179)
	at fr.xephi.authme.service.GeoIpService.updateDatabase(GeoIpService.java:150)
	at org.bukkit.craftbukkit.v1_12_R1.scheduler.CraftTask.run(CraftTask.java:64)
	at org.bukkit.craftbukkit.v1_12_R1.scheduler.CraftAsyncTask.run(CraftAsyncTask.java:52)
	at com.destroystokyo.paper.ServerSchedulerReportingWrapper.run(ServerSchedulerReportingWrapper.java:22)
	at java.base/java.util.concurrent.ThreadPoolExecutor.runWorker(ThreadPoolExecutor.java:1090)
	at java.base/java.util.concurrent.ThreadPoolExecutor$Worker.run(ThreadPoolExecutor.java:614)
	at java.base/java.lang.Thread.run(Thread.java:1474)

[01-23 06:54:42]: [FINE] YeelerYee9130 logged in 0:0:0:0:0:0:0:1%0
[01-23 07:16:19]: [FINE] YeelerYee9130 logged in 0:0:0:0:0:0:0:1%0
[01-23 07:20:11]: [INFO] AuthMe 5.6.0-bCUSTOM disabled!
[01-23 07:25:14]: [INFO] SQLite Setup finished
[01-23 07:25:15]: [INFO] No supported permissions system found! Permissions are disabled!
[01-23 07:25:15]: [WARN] WARNING! The protectInventory feature requires ProtocolLib! Disabling it...
[01-23 07:25:15]: [INFO] AuthMe 5.6.0 build n.CUSTOM successfully enabled!
[01-23 07:25:15]: [INFO] Downloading GEO IP database, because the old database is older than 30 days or doesn't exist
[01-23 07:25:15]: [WARN] No MaxMind credentials found in the configuration file! GeoIp protections will be disabled.
[01-23 07:25:15]: [INFO] There is no newer GEO IP database uploaded to MaxMind. Using the old one for now.
[01-23 07:25:15]: [WARN] Could not download GeoLiteAPI database [FileNotFoundException]: plugins/AuthMe/GeoLite2-Country.mmdb (No such file or directory)
[01-23 07:25:15]: java.io.FileNotFoundException: plugins/AuthMe/GeoLite2-Country.mmdb (No such file or directory)
	at java.base/java.io.RandomAccessFile.open0(Native Method)
	at java.base/java.io.RandomAccessFile.open(RandomAccessFile.java:338)
	at java.base/java.io.RandomAccessFile.<init>(RandomAccessFile.java:257)
	at java.base/java.io.RandomAccessFile.<init>(RandomAccessFile.java:211)
	at fr.xephi.authme.libs.com.maxmind.db.BufferHolder.<init>(BufferHolder.java:20)
	at fr.xephi.authme.libs.com.maxmind.db.Reader.<init>(Reader.java:121)
	at fr.xephi.authme.service.GeoIpService.startReading(GeoIpService.java:179)
	at fr.xephi.authme.service.GeoIpService.updateDatabase(GeoIpService.java:150)
	at org.bukkit.craftbukkit.v1_12_R1.scheduler.CraftTask.run(CraftTask.java:64)
	at org.bukkit.craftbukkit.v1_12_R1.scheduler.CraftAsyncTask.run(CraftAsyncTask.java:52)
	at com.destroystokyo.paper.ServerSchedulerReportingWrapper.run(ServerSchedulerReportingWrapper.java:22)
	at java.base/java.util.concurrent.ThreadPoolExecutor.runWorker(ThreadPoolExecutor.java:1090)
	at java.base/java.util.concurrent.ThreadPoolExecutor$Worker.run(ThreadPoolExecutor.java:614)
	at java.base/java.lang.Thread.run(Thread.java:1474)

[01-23 07:27:17]: [FINE] YeelerYee9130 logged in 0:0:0:0:0:0:0:1%0
[01-23 07:30:59]: [INFO] AuthMe 5.6.0-bCUSTOM disabled!
